TN:
SF:server.js
FN:27,(anonymous_0)
FNF:1
FNH:0
FNDA:0,(anonymous_0)
DA:8,1
DA:9,1
DA:11,1
DA:16,1
DA:18,1
DA:19,1
DA:20,1
DA:22,1
DA:24,1
DA:26,1
DA:27,0
LF:11
LH:10
BRDA:24,0,0,1
BRDA:24,0,1,0
BRDA:26,1,0,0
BRDA:26,1,1,1
BRF:4
BRH:2
end_of_record
TN:
SF:config/db.js
FNF:0
FNH:0
DA:3,0
DA:5,0
DA:6,0
DA:14,0
DA:15,0
DA:16,0
DA:18,0
DA:19,0
LF:8
LH:0
BRF:0
BRH:0
end_of_record
TN:
SF:middleware/auth.js
FN:3,authenticateJWT
FN:4,(anonymous_1)
FNF:2
FNH:2
FNDA:27,authenticateJWT
FNDA:8,(anonymous_1)
DA:4,27
DA:5,8
DA:6,8
DA:8,7
DA:9,7
DA:10,6
DA:11,2
DA:13,4
DA:14,4
DA:16,1
LF:10
LH:10
BRDA:3,0,0,2
BRDA:5,1,0,8
BRDA:5,1,1,4
BRDA:6,2,0,1
BRDA:6,2,1,7
BRDA:10,3,0,2
BRDA:10,3,1,4
BRDA:10,4,0,6
BRDA:10,4,1,6
BRF:9
BRH:9
end_of_record
TN:
SF:routes/index.js
FNF:0
FNH:0
DA:11,2
DA:13,2
DA:14,2
DA:15,2
DA:16,2
DA:17,2
DA:18,2
DA:19,2
DA:20,2
LF:9
LH:9
BRF:0
BRH:0
end_of_record
TN:
SF:routes/apis/assignment.js
FN:8,(anonymous_0)
FN:38,(anonymous_1)
FN:47,(anonymous_2)
FN:66,(anonymous_3)
FN:116,(anonymous_4)
FN:145,(anonymous_5)
FN:170,(anonymous_6)
FN:193,(anonymous_7)
FNF:8
FNH:6
FNDA:1,(anonymous_0)
FNDA:2,(anonymous_1)
FNDA:2,(anonymous_2)
FNDA:1,(anonymous_3)
FNDA:0,(anonymous_4)
FNDA:1,(anonymous_5)
FNDA:1,(anonymous_6)
FNDA:0,(anonymous_7)
DA:5,2
DA:8,2
DA:9,1
DA:10,1
DA:12,1
DA:13,1
DA:15,1
DA:20,1
DA:21,0
DA:24,1
DA:31,1
DA:33,1
DA:37,1
DA:38,2
DA:45,1
DA:48,2
DA:52,1
DA:53,1
DA:59,1
DA:61,0
DA:66,2
DA:67,1
DA:69,1
DA:70,1
DA:97,1
DA:99,1
DA:100,1
DA:101,1
DA:113,1
DA:114,1
DA:115,1
DA:116,0
DA:118,1
DA:119,1
DA:124,1
DA:127,1
DA:128,1
DA:138,1
DA:140,0
DA:145,2
DA:146,1
DA:147,1
DA:148,1
DA:150,1
DA:151,1
DA:160,1
DA:161,0
DA:163,1
DA:165,0
DA:170,2
DA:171,1
DA:172,1
DA:174,1
DA:175,1
DA:183,1
DA:184,0
DA:186,1
DA:188,0
DA:193,2
DA:194,0
DA:195,0
DA:197,0
DA:199,0
DA:214,0
DA:215,0
DA:217,0
DA:220,0
DA:222,0
DA:245,0
DA:248,0
DA:296,0
DA:297,0
DA:298,0
DA:302,0
DA:303,0
DA:332,0
DA:333,0
DA:336,0
LF:78
LH:51
BRDA:20,0,0,0
BRDA:20,0,1,1
BRDA:37,1,0,1
BRDA:37,1,1,0
BRDA:100,2,0,1
BRDA:100,2,1,0
BRDA:107,3,0,1
BRDA:107,3,1,0
BRDA:114,4,0,1
BRDA:114,4,1,0
BRDA:114,5,0,1
BRDA:114,5,1,1
BRDA:118,6,0,1
BRDA:118,6,1,0
BRDA:127,7,0,1
BRDA:127,7,1,0
BRDA:160,8,0,0
BRDA:160,8,1,1
BRDA:183,9,0,0
BRDA:183,9,1,1
BRDA:214,10,0,0
BRDA:214,10,1,0
BRDA:220,11,0,0
BRDA:220,11,1,0
BRDA:245,12,0,0
BRDA:245,12,1,0
BRDA:297,13,0,0
BRDA:297,13,1,0
BRDA:302,14,0,0
BRDA:302,14,1,0
BRF:30
BRH:11
end_of_record
TN:
SF:routes/apis/class.js
FN:8,(anonymous_0)
FN:27,(anonymous_1)
FN:73,(anonymous_2)
FN:108,(anonymous_3)
FN:135,(anonymous_4)
FN:161,(anonymous_5)
FN:186,(anonymous_6)
FN:186,(anonymous_7)
FN:257,(anonymous_8)
FN:276,(anonymous_9)
FN:315,(anonymous_10)
FN:356,genUniqueClassCode
FNF:12
FNH:11
FNDA:2,(anonymous_0)
FNDA:3,(anonymous_1)
FNDA:2,(anonymous_2)
FNDA:2,(anonymous_3)
FNDA:2,(anonymous_4)
FNDA:1,(anonymous_5)
FNDA:1,(anonymous_6)
FNDA:0,(anonymous_7)
FNDA:1,(anonymous_8)
FNDA:2,(anonymous_9)
FNDA:2,(anonymous_10)
FNDA:1,genUniqueClassCode
DA:5,2
DA:8,2
DA:9,2
DA:10,2
DA:20,1
DA:22,1
DA:27,2
DA:28,3
DA:29,3
DA:32,3
DA:33,0
DA:44,0
DA:45,3
DA:46,3
DA:59,3
DA:61,0
DA:64,3
DA:65,2
DA:67,1
DA:73,2
DA:74,2
DA:76,2
DA:77,2
DA:78,2
DA:83,2
DA:84,1
DA:86,1
DA:87,1
DA:94,1
DA:99,1
DA:104,0
DA:108,2
DA:109,2
DA:110,2
DA:111,2
DA:113,2
DA:114,2
DA:121,2
DA:122,1
DA:125,1
DA:130,0
DA:135,2
DA:136,2
DA:137,2
DA:139,2
DA:140,2
DA:146,2
DA:147,1
DA:150,1
DA:155,0
DA:161,2
DA:162,1
DA:163,1
DA:165,1
DA:167,1
DA:181,1
DA:183,1
DA:185,1
DA:186,1
DA:189,0
DA:190,0
DA:191,0
DA:192,0
DA:194,0
DA:197,0
DA:206,1
DA:219,1
DA:220,1
DA:222,1
DA:231,1
DA:232,1
DA:236,1
DA:238,1
DA:239,1
DA:240,0
DA:241,0
DA:247,0
DA:250,1
DA:252,0
DA:257,2
DA:258,1
DA:259,1
DA:260,1
DA:270,1
DA:272,0
DA:276,2
DA:277,2
DA:279,2
DA:280,2
DA:283,2
DA:287,2
DA:288,1
DA:290,1
DA:293,1
DA:297,1
DA:298,0
DA:300,1
DA:305,1
DA:310,0
DA:315,2
DA:316,2
DA:317,2
DA:318,2
DA:320,2
DA:325,2
DA:326,1
DA:327,1
DA:328,0
DA:331,1
DA:333,1
DA:338,1
DA:339,0
DA:342,1
DA:347,1
DA:352,0
DA:357,1
DA:359,1
DA:361,1
DA:362,1
DA:363,1
DA:364,1
DA:365,1
DA:367,1
LF:123
LH:101
BRDA:32,0,0,0
BRDA:32,0,1,3
BRDA:45,1,0,3
BRDA:45,1,1,0
BRDA:83,2,0,1
BRDA:83,2,1,1
BRDA:121,3,0,1
BRDA:121,3,1,1
BRDA:146,4,0,1
BRDA:146,4,1,1
BRDA:181,5,0,0
BRDA:181,5,1,1
BRDA:189,6,0,0
BRDA:189,6,1,0
BRDA:190,7,0,0
BRDA:190,7,1,0
BRDA:191,8,0,0
BRDA:191,8,1,0
BRDA:191,9,0,0
BRDA:191,9,1,0
BRDA:219,10,0,1
BRDA:219,10,1,0
BRDA:232,11,0,0
BRDA:232,11,1,1
BRDA:240,12,0,0
BRDA:240,12,1,0
BRDA:287,13,0,1
BRDA:287,13,1,1
BRDA:297,14,0,0
BRDA:297,14,1,1
BRDA:325,15,0,1
BRDA:325,15,1,1
BRDA:327,16,0,0
BRDA:327,16,1,1
BRDA:338,17,0,0
BRDA:338,17,1,1
BRDA:357,18,0,1
BRDA:357,18,1,0
BRDA:359,19,0,1
BRDA:359,19,1,0
BRDA:359,20,0,1
BRDA:359,20,1,0
BRDA:359,21,0,1
BRDA:359,21,1,0
BRF:44
BRH:22
end_of_record
TN:
SF:routes/apis/dashboard.js
FN:7,(anonymous_0)
FNF:1
FNH:1
FNDA:3,(anonymous_0)
DA:5,2
DA:7,2
DA:8,3
DA:9,3
DA:11,0
DA:12,0
DA:22,0
DA:32,0
DA:41,0
DA:52,0
DA:60,0
DA:70,0
DA:71,0
DA:84,0
DA:98,0
DA:110,0
DA:123,0
DA:133,0
DA:136,3
LF:19
LH:5
BRDA:11,0,0,0
BRDA:11,0,1,0
BRDA:70,1,0,0
BRDA:70,1,1,0
BRF:4
BRH:0
end_of_record
TN:
SF:routes/apis/notification.js
FN:8,(anonymous_0)
FN:32,(anonymous_1)
FNF:2
FNH:2
FNDA:2,(anonymous_0)
FNDA:2,(anonymous_1)
DA:5,2
DA:8,2
DA:9,2
DA:10,2
DA:24,1
DA:27,1
DA:32,2
DA:33,2
DA:34,2
DA:35,2
DA:50,1
DA:52,1
LF:12
LH:12
BRF:0
BRH:0
end_of_record
TN:
SF:routes/apis/peer-reviews.js
FN:8,(anonymous_0)
FN:78,(anonymous_1)
FN:96,(anonymous_2)
FN:111,(anonymous_3)
FN:194,(anonymous_4)
FNF:5
FNH:5
FNDA:1,(anonymous_0)
FNDA:1,(anonymous_1)
FNDA:1,(anonymous_2)
FNDA:1,(anonymous_3)
FNDA:2,(anonymous_4)
DA:5,2
DA:8,2
DA:9,1
DA:10,1
DA:11,1
DA:13,1
DA:14,1
DA:17,1
DA:26,1
DA:27,0
DA:28,0
DA:31,1
DA:34,1
DA:40,1
DA:41,0
DA:42,0
DA:46,1
DA:53,1
DA:56,1
DA:65,1
DA:66,1
DA:68,0
DA:69,0
DA:70,0
DA:72,1
DA:78,2
DA:79,1
DA:80,1
DA:81,1
DA:89,1
DA:91,0
DA:96,2
DA:97,1
DA:98,1
DA:104,1
DA:106,0
DA:111,2
DA:112,1
DA:113,1
DA:114,1
DA:116,1
DA:117,1
DA:118,1
DA:121,1
DA:126,1
DA:127,0
DA:128,0
DA:131,1
DA:132,0
DA:133,0
DA:137,1
DA:178,1
DA:179,1
DA:185,0
DA:186,0
DA:187,0
DA:189,1
DA:194,2
DA:195,2
DA:197,2
DA:199,2
DA:278,2
DA:279,1
DA:282,1
DA:283,1
DA:285,1
DA:286,1
DA:316,1
DA:319,1
DA:320,1
DA:322,0
DA:323,0
LF:72
LH:54
BRDA:26,0,0,0
BRDA:26,0,1,1
BRDA:40,1,0,0
BRDA:40,1,1,1
BRDA:126,2,0,0
BRDA:126,2,1,1
BRDA:131,3,0,0
BRDA:131,3,1,1
BRDA:278,4,0,1
BRDA:278,4,1,1
BRDA:285,5,0,1
BRDA:285,5,1,0
BRDA:316,6,0,1
BRDA:316,6,1,0
BRF:14
BRH:8
end_of_record
TN:
SF:routes/apis/rubric.js
FN:8,(anonymous_0)
FN:43,(anonymous_1)
FN:53,(anonymous_2)
FN:67,(anonymous_3)
FN:93,(anonymous_4)
FN:96,(anonymous_5)
FN:101,(anonymous_6)
FN:126,(anonymous_7)
FN:148,(anonymous_8)
FN:197,(anonymous_9)
FN:202,(anonymous_10)
FN:208,(anonymous_11)
FN:241,(anonymous_12)
FNF:13
FNH:13
FNDA:14,(anonymous_0)
FNDA:2,(anonymous_1)
FNDA:4,(anonymous_2)
FNDA:3,(anonymous_3)
FNDA:2,(anonymous_4)
FNDA:2,(anonymous_5)
FNDA:2,(anonymous_6)
FNDA:3,(anonymous_7)
FNDA:5,(anonymous_8)
FNDA:1,(anonymous_9)
FNDA:1,(anonymous_10)
FNDA:1,(anonymous_11)
FNDA:1,(anonymous_12)
DA:5,2
DA:8,2
DA:9,14
DA:10,14
DA:11,10
DA:12,10
DA:16,2
DA:43,2
DA:44,2
DA:45,2
DA:46,1
DA:48,1
DA:53,2
DA:54,4
DA:55,4
DA:56,2
DA:60,2
DA:62,2
DA:67,2
DA:68,3
DA:69,3
DA:70,1
DA:72,2
DA:73,2
DA:74,2
DA:76,1
DA:80,1
DA:82,1
DA:84,1
DA:85,1
DA:87,1
DA:93,2
DA:94,1
DA:95,1
DA:97,2
DA:99,1
DA:101,2
DA:103,1
DA:109,1
DA:117,1
DA:118,1
DA:120,1
DA:121,1
DA:122,1
DA:126,2
DA:127,3
DA:128,3
DA:129,3
DA:130,2
DA:137,2
DA:138,1
DA:140,1
DA:142,1
DA:148,2
DA:149,5
DA:150,5
DA:152,5
DA:153,1
DA:155,4
DA:156,4
DA:157,3
DA:160,3
DA:164,2
DA:165,1
DA:168,1
DA:174,1
DA:180,1
DA:183,1
DA:185,1
DA:186,1
DA:190,1
DA:196,1
DA:197,1
DA:199,1
DA:200,1
DA:203,1
DA:206,1
DA:208,1
DA:210,1
DA:216,1
DA:224,1
DA:225,1
DA:230,3
DA:232,3
DA:237,3
DA:241,2
DA:242,1
DA:243,1
DA:244,1
DA:245,1
DA:248,1
DA:252,1
DA:253,0
DA:256,1
DA:262,1
DA:263,1
DA:265,1
DA:266,1
DA:268,0
DA:269,0
LF:100
LH:97
BRDA:10,0,0,4
BRDA:10,0,1,10
BRDA:62,1,0,2
BRDA:62,1,1,0
BRDA:69,2,0,1
BRDA:69,2,1,2
BRDA:69,3,0,3
BRDA:69,3,1,2
BRDA:85,4,0,0
BRDA:85,4,1,1
BRDA:85,5,0,1
BRDA:85,5,1,1
BRDA:93,6,0,2
BRDA:93,6,1,2
BRDA:94,7,0,1
BRDA:94,7,1,0
BRDA:101,8,0,2
BRDA:101,8,1,2
BRDA:121,9,0,0
BRDA:121,9,1,1
BRDA:137,10,0,1
BRDA:137,10,1,1
BRDA:143,11,0,1
BRDA:143,11,1,0
BRDA:152,12,0,1
BRDA:152,12,1,4
BRDA:152,13,0,5
BRDA:152,13,1,4
BRDA:164,14,0,1
BRDA:164,14,1,1
BRDA:186,15,0,0
BRDA:186,15,1,1
BRDA:186,16,0,1
BRDA:186,16,1,1
BRDA:197,17,0,1
BRDA:197,17,1,1
BRDA:199,18,0,1
BRDA:199,18,1,0
BRDA:208,19,0,1
BRDA:208,19,1,1
BRDA:232,20,0,1
BRDA:232,20,1,2
BRDA:234,21,0,1
BRDA:234,21,1,1
BRDA:252,22,0,0
BRDA:252,22,1,1
BRDA:270,23,0,0
BRDA:270,23,1,0
BRF:48
BRH:38
end_of_record
TN:
SF:routes/apis/submissions.js
FN:15,(anonymous_0)
FN:25,(anonymous_1)
FN:49,(anonymous_2)
FN:76,(anonymous_3)
FN:84,(anonymous_4)
FN:110,(anonymous_5)
FN:136,(anonymous_6)
FN:196,(anonymous_7)
FN:227,(anonymous_8)
FNF:9
FNH:8
FNDA:1,(anonymous_0)
FNDA:1,(anonymous_1)
FNDA:1,(anonymous_2)
FNDA:1,(anonymous_3)
FNDA:1,(anonymous_4)
FNDA:1,(anonymous_5)
FNDA:1,(anonymous_6)
FNDA:0,(anonymous_7)
FNDA:1,(anonymous_8)
DA:8,2
DA:13,2
DA:16,1
DA:19,2
DA:25,2
DA:26,1
DA:27,1
DA:29,1
DA:33,1
DA:35,1
DA:36,1
DA:38,1
DA:40,1
DA:42,0
DA:49,2
DA:50,1
DA:51,1
DA:52,1
DA:53,1
DA:55,1
DA:63,1
DA:65,1
DA:66,1
DA:67,1
DA:74,1
DA:76,1
DA:79,0
DA:84,2
DA:85,1
DA:86,1
DA:88,1
DA:89,1
DA:97,1
DA:98,0
DA:100,1
DA:102,0
DA:110,2
DA:111,1
DA:112,1
DA:114,1
DA:119,1
DA:120,1
DA:124,1
DA:127,1
DA:129,0
DA:136,2
DA:137,1
DA:138,1
DA:140,1
DA:161,1
DA:163,1
DA:165,1
DA:170,1
DA:188,1
DA:190,0
DA:196,2
DA:197,0
DA:198,0
DA:199,0
DA:201,0
DA:205,0
DA:207,0
DA:209,0
DA:213,0
DA:215,0
DA:216,0
DA:218,0
DA:220,0
DA:222,0
DA:227,2
DA:228,1
DA:230,1
DA:232,1
DA:238,1
DA:239,0
DA:242,1
DA:243,1
DA:244,1
DA:245,1
DA:246,1
DA:248,1
DA:254,1
DA:259,0
LF:83
LH:62
BRDA:33,0,0,0
BRDA:33,0,1,1
BRDA:38,1,0,0
BRDA:38,1,1,1
BRDA:65,2,0,1
BRDA:65,2,1,0
BRDA:97,3,0,0
BRDA:97,3,1,1
BRDA:161,4,0,0
BRDA:161,4,1,1
BRDA:205,5,0,0
BRDA:205,5,1,0
BRDA:213,6,0,0
BRDA:213,6,1,0
BRDA:216,7,0,0
BRDA:216,7,1,0
BRDA:238,8,0,0
BRDA:238,8,1,1
BRDA:243,9,0,1
BRDA:243,9,1,1
BRF:20
BRH:8
end_of_record
TN:
SF:routes/apis/user.js
FN:10,(anonymous_0)
FN:35,(anonymous_1)
FN:73,(anonymous_2)
FN:87,(anonymous_3)
FN:97,(anonymous_4)
FN:108,(anonymous_5)
FN:133,(anonymous_6)
FNF:7
FNH:7
FNDA:4,(anonymous_0)
FNDA:4,(anonymous_1)
FNDA:1,(anonymous_2)
FNDA:2,(anonymous_3)
FNDA:3,(anonymous_4)
FNDA:4,(anonymous_5)
FNDA:3,(anonymous_6)
DA:7,2
DA:10,2
DA:11,4
DA:12,4
DA:13,4
DA:14,1
DA:17,3
DA:18,1
DA:20,2
DA:21,1
DA:25,1
DA:30,1
DA:35,2
DA:36,4
DA:37,4
DA:38,4
DA:39,3
DA:40,3
DA:42,2
DA:43,2
DA:45,1
DA:57,1
DA:64,1
DA:69,1
DA:73,2
DA:74,1
DA:80,1
DA:87,2
DA:88,2
DA:89,2
DA:90,1
DA:92,1
DA:97,2
DA:98,3
DA:99,3
DA:100,2
DA:101,1
DA:103,1
DA:108,2
DA:109,4
DA:110,4
DA:111,4
DA:112,1
DA:115,3
DA:116,3
DA:124,2
DA:126,1
DA:128,1
DA:133,2
DA:134,3
DA:135,3
DA:136,2
DA:137,1
DA:139,1
LF:54
LH:54
BRDA:13,0,0,1
BRDA:13,0,1,3
BRDA:13,1,0,4
BRDA:13,1,1,4
BRDA:13,1,2,3
BRDA:13,1,3,3
BRDA:13,1,4,3
BRDA:17,2,0,1
BRDA:17,2,1,2
BRDA:40,3,0,1
BRDA:40,3,1,2
BRDA:43,4,0,1
BRDA:43,4,1,1
BRDA:100,5,0,1
BRDA:100,5,1,1
BRDA:111,6,0,1
BRDA:111,6,1,3
BRDA:124,7,0,1
BRDA:124,7,1,1
BRDA:136,8,0,1
BRDA:136,8,1,1
BRF:21
BRH:21
end_of_record
